<?xml version="1.0" encoding="UTF-8"?>
<testsuite xmlns:xsi="http://www.w3.org/2001/XMLSchema-instance" xsi:noNamespaceSchemaLocation="https://maven.apache.org/surefire/maven-surefire-plugin/xsd/surefire-test-report.xsd" name="greatcalltestautomation.GreatCallTest" time="36.664" tests="3" errors="0" skipped="0" failures="1">
  <properties>
    <property name="sun.desktop" value="windows"/>
    <property name="awt.toolkit" value="sun.awt.windows.WToolkit"/>
    <property name="file.encoding.pkg" value="sun.io"/>
    <property name="java.specification.version" value="1.8"/>
    <property name="sun.cpu.isalist" value="amd64"/>
    <property name="sun.jnu.encoding" value="Cp1252"/>
    <property name="java.class.path" value="C:\Users\dasar_uas1hs9\IdeaProjects\SQAProject\target\test-classes;C:\Users\dasar_uas1hs9\IdeaProjects\SQAProject\target\classes;C:\Users\dasar_uas1hs9\.m2\repository\com\intuit\karate\karate-apache\0.9.6\karate-apache-0.9.6.jar;C:\Users\dasar_uas1hs9\.m2\repository\com\intuit\karate\karate-core\0.9.6\karate-core-0.9.6.jar;C:\Users\dasar_uas1hs9\.m2\repository\com\jayway\jsonpath\json-path\2.4.0\json-path-2.4.0.jar;C:\Users\dasar_uas1hs9\.m2\repository\net\minidev\json-smart\2.3\json-smart-2.3.jar;C:\Users\dasar_uas1hs9\.m2\repository\net\minidev\accessors-smart\1.2\accessors-smart-1.2.jar;C:\Users\dasar_uas1hs9\.m2\repository\org\ow2\asm\asm\5.0.4\asm-5.0.4.jar;C:\Users\dasar_uas1hs9\.m2\repository\info\cukes\cucumber-java\1.2.5\cucumber-java-1.2.5.jar;C:\Users\dasar_uas1hs9\.m2\repository\info\cukes\cucumber-core\1.2.5\cucumber-core-1.2.5.jar;C:\Users\dasar_uas1hs9\.m2\repository\org\yaml\snakeyaml\1.24\snakeyaml-1.24.jar;C:\Users\dasar_uas1hs9\.m2\repository\de\siegmar\fastcsv\1.0.3\fastcsv-1.0.3.jar;C:\Users\dasar_uas1hs9\.m2\repository\info\picocli\picocli\4.0.3\picocli-4.0.3.jar;C:\Users\dasar_uas1hs9\.m2\repository\org\apache\httpcomponents\httpclient\4.5.12\httpclient-4.5.12.jar;C:\Users\dasar_uas1hs9\.m2\repository\org\apache\httpcomponents\httpcore\4.4.13\httpcore-4.4.13.jar;C:\Users\dasar_uas1hs9\.m2\repository\commons-codec\commons-codec\1.11\commons-codec-1.11.jar;C:\Users\dasar_uas1hs9\.m2\repository\org\apache\httpcomponents\httpmime\4.5.12\httpmime-4.5.12.jar;C:\Users\dasar_uas1hs9\.m2\repository\org\slf4j\jcl-over-slf4j\1.7.25\jcl-over-slf4j-1.7.25.jar;C:\Users\dasar_uas1hs9\.m2\repository\org\slf4j\slf4j-api\1.7.25\slf4j-api-1.7.25.jar;C:\Users\dasar_uas1hs9\.m2\repository\ch\qos\logback\logback-classic\1.2.3\logback-classic-1.2.3.jar;C:\Users\dasar_uas1hs9\.m2\repository\ch\qos\logback\logback-core\1.2.3\logback-core-1.2.3.jar;C:\Users\dasar_uas1hs9\.m2\repository\com\intuit\karate\karate-junit5\0.9.6\karate-junit5-0.9.6.jar;C:\Users\dasar_uas1hs9\.m2\repository\org\junit\jupiter\junit-jupiter-api\5.5.0\junit-jupiter-api-5.5.0.jar;C:\Users\dasar_uas1hs9\.m2\repository\org\apiguardian\apiguardian-api\1.1.0\apiguardian-api-1.1.0.jar;C:\Users\dasar_uas1hs9\.m2\repository\org\opentest4j\opentest4j\1.2.0\opentest4j-1.2.0.jar;C:\Users\dasar_uas1hs9\.m2\repository\org\junit\platform\junit-platform-commons\1.5.0\junit-platform-commons-1.5.0.jar;C:\Users\dasar_uas1hs9\.m2\repository\org\junit\jupiter\junit-jupiter-engine\5.5.0\junit-jupiter-engine-5.5.0.jar;C:\Users\dasar_uas1hs9\.m2\repository\org\junit\platform\junit-platform-engine\1.5.0\junit-platform-engine-1.5.0.jar;"/>
    <property name="java.vm.vendor" value="Oracle Corporation"/>
    <property name="sun.arch.data.model" value="64"/>
    <property name="user.variant" value=""/>
    <property name="java.vendor.url" value="http://java.oracle.com/"/>
    <property name="user.timezone" value="America/Chicago"/>
    <property name="java.vm.specification.version" value="1.8"/>
    <property name="os.name" value="Windows 10"/>
    <property name="user.country" value="US"/>
    <property name="sun.java.launcher" value="SUN_STANDARD"/>
    <property name="sun.boot.library.path" value="C:\Aparna\java\jre\bin"/>
    <property name="sun.java.command" value="C:\Users\dasar_uas1hs9\AppData\Local\Temp\surefire1394387696145755602\surefirebooter2457084050260177166.jar C:\Users\dasar_uas1hs9\AppData\Local\Temp\surefire1394387696145755602 2021-01-10T03-35-24_876-jvmRun1 surefire7386613773594432861tmp surefire_05796530408735630835tmp"/>
    <property name="surefire.test.class.path" value="C:\Users\dasar_uas1hs9\IdeaProjects\SQAProject\target\test-classes;C:\Users\dasar_uas1hs9\IdeaProjects\SQAProject\target\classes;C:\Users\dasar_uas1hs9\.m2\repository\com\intuit\karate\karate-apache\0.9.6\karate-apache-0.9.6.jar;C:\Users\dasar_uas1hs9\.m2\repository\com\intuit\karate\karate-core\0.9.6\karate-core-0.9.6.jar;C:\Users\dasar_uas1hs9\.m2\repository\com\jayway\jsonpath\json-path\2.4.0\json-path-2.4.0.jar;C:\Users\dasar_uas1hs9\.m2\repository\net\minidev\json-smart\2.3\json-smart-2.3.jar;C:\Users\dasar_uas1hs9\.m2\repository\net\minidev\accessors-smart\1.2\accessors-smart-1.2.jar;C:\Users\dasar_uas1hs9\.m2\repository\org\ow2\asm\asm\5.0.4\asm-5.0.4.jar;C:\Users\dasar_uas1hs9\.m2\repository\info\cukes\cucumber-java\1.2.5\cucumber-java-1.2.5.jar;C:\Users\dasar_uas1hs9\.m2\repository\info\cukes\cucumber-core\1.2.5\cucumber-core-1.2.5.jar;C:\Users\dasar_uas1hs9\.m2\repository\org\yaml\snakeyaml\1.24\snakeyaml-1.24.jar;C:\Users\dasar_uas1hs9\.m2\repository\de\siegmar\fastcsv\1.0.3\fastcsv-1.0.3.jar;C:\Users\dasar_uas1hs9\.m2\repository\info\picocli\picocli\4.0.3\picocli-4.0.3.jar;C:\Users\dasar_uas1hs9\.m2\repository\org\apache\httpcomponents\httpclient\4.5.12\httpclient-4.5.12.jar;C:\Users\dasar_uas1hs9\.m2\repository\org\apache\httpcomponents\httpcore\4.4.13\httpcore-4.4.13.jar;C:\Users\dasar_uas1hs9\.m2\repository\commons-codec\commons-codec\1.11\commons-codec-1.11.jar;C:\Users\dasar_uas1hs9\.m2\repository\org\apache\httpcomponents\httpmime\4.5.12\httpmime-4.5.12.jar;C:\Users\dasar_uas1hs9\.m2\repository\org\slf4j\jcl-over-slf4j\1.7.25\jcl-over-slf4j-1.7.25.jar;C:\Users\dasar_uas1hs9\.m2\repository\org\slf4j\slf4j-api\1.7.25\slf4j-api-1.7.25.jar;C:\Users\dasar_uas1hs9\.m2\repository\ch\qos\logback\logback-classic\1.2.3\logback-classic-1.2.3.jar;C:\Users\dasar_uas1hs9\.m2\repository\ch\qos\logback\logback-core\1.2.3\logback-core-1.2.3.jar;C:\Users\dasar_uas1hs9\.m2\repository\com\intuit\karate\karate-junit5\0.9.6\karate-junit5-0.9.6.jar;C:\Users\dasar_uas1hs9\.m2\repository\org\junit\jupiter\junit-jupiter-api\5.5.0\junit-jupiter-api-5.5.0.jar;C:\Users\dasar_uas1hs9\.m2\repository\org\apiguardian\apiguardian-api\1.1.0\apiguardian-api-1.1.0.jar;C:\Users\dasar_uas1hs9\.m2\repository\org\opentest4j\opentest4j\1.2.0\opentest4j-1.2.0.jar;C:\Users\dasar_uas1hs9\.m2\repository\org\junit\platform\junit-platform-commons\1.5.0\junit-platform-commons-1.5.0.jar;C:\Users\dasar_uas1hs9\.m2\repository\org\junit\jupiter\junit-jupiter-engine\5.5.0\junit-jupiter-engine-5.5.0.jar;C:\Users\dasar_uas1hs9\.m2\repository\org\junit\platform\junit-platform-engine\1.5.0\junit-platform-engine-1.5.0.jar;"/>
    <property name="sun.cpu.endian" value="little"/>
    <property name="user.home" value="C:\Users\dasar_uas1hs9"/>
    <property name="user.language" value="en"/>
    <property name="java.specification.vendor" value="Oracle Corporation"/>
    <property name="java.home" value="C:\Aparna\java\jre"/>
    <property name="basedir" value="C:\Users\dasar_uas1hs9\IdeaProjects\SQAProject"/>
    <property name="file.separator" value="\"/>
    <property name="line.separator" value="&#10;"/>
    <property name="java.vm.specification.vendor" value="Oracle Corporation"/>
    <property name="java.specification.name" value="Java Platform API Specification"/>
    <property name="java.awt.graphicsenv" value="sun.awt.Win32GraphicsEnvironment"/>
    <property name="karate.options" value="--tags ~@ignore"/>
    <property name="surefire.real.class.path" value="C:\Users\dasar_uas1hs9\AppData\Local\Temp\surefire1394387696145755602\surefirebooter2457084050260177166.jar"/>
    <property name="sun.boot.class.path" value="C:\Aparna\java\jre\lib\resources.jar;C:\Aparna\java\jre\lib\rt.jar;C:\Aparna\java\jre\lib\sunrsasign.jar;C:\Aparna\java\jre\lib\jsse.jar;C:\Aparna\java\jre\lib\jce.jar;C:\Aparna\java\jre\lib\charsets.jar;C:\Aparna\java\jre\lib\jfr.jar;C:\Aparna\java\jre\classes"/>
    <property name="user.script" value=""/>
    <property name="sun.management.compiler" value="HotSpot 64-Bit Tiered Compilers"/>
    <property name="java.runtime.version" value="1.8.0_172-b11"/>
    <property name="user.name" value="dasar_uas1hs9"/>
    <property name="path.separator" value=";"/>
    <property name="os.version" value="10.0"/>
    <property name="java.endorsed.dirs" value="C:\Aparna\java\jre\lib\endorsed"/>
    <property name="java.runtime.name" value="Java(TM) SE Runtime Environment"/>
    <property name="file.encoding" value="Cp1252"/>
    <property name="java.vm.name" value="Java HotSpot(TM) 64-Bit Server VM"/>
    <property name="localRepository" value="C:\Users\dasar_uas1hs9\.m2\repository"/>
    <property name="java.vendor.url.bug" value="http://bugreport.sun.com/bugreport/"/>
    <property name="java.io.tmpdir" value="C:\Users\dasar_uas1hs9\AppData\Local\Temp\"/>
    <property name="java.version" value="1.8.0_172"/>
    <property name="user.dir" value="C:\Users\dasar_uas1hs9\IdeaProjects\SQAProject"/>
    <property name="os.arch" value="amd64"/>
    <property name="java.vm.specification.name" value="Java Virtual Machine Specification"/>
    <property name="java.awt.printerjob" value="sun.awt.windows.WPrinterJob"/>
    <property name="sun.os.patch.level" value=""/>
    <property name="java.library.path" value="C:\Aparna\java\jre\bin;C:\WINDOWS\Sun\Java\bin;C:\WINDOWS\system32;C:\WINDOWS;C:\Python39\Scripts\;C:\Python39\;C:\Program Files (x86)\Common Files\Oracle\Java\javapath;C:\Aparna\java\bin;C:\Aparna\hd\mvn\bin;C:\Aparna\hd\wildfly-8.2.1.Final\bin;C:\WINDOWS\system32;C:\WINDOWS;C:\WINDOWS\System32\Wbem;C:\WINDOWS\System32\WindowsPowerShell\v1.0\;C:\Users\dasar\AppData\Local\Microsoft\WindowsApps;C:\Program Files\Intel\WiFi\bin\;C:\Program Files\Common Files\Intel\WirelessCommon\;C:\WINDOWS\system32;C:\WINDOWS;C:\WINDOWS\System32\Wbem;C:\WINDOWS\System32\WindowsPowerShell\v1.0\;C:\WINDOWS\System32\OpenSSH\;C:\Program Files\Git\cmd;C:\Program Files\nodejs\;C:\ProgramData\chocolatey\bin;C:\Users\dasar_uas1hs9\AppData\Local\Microsoft\WindowsApps;;C:\Program Files\JetBrains\IntelliJ IDEA 2020.3.1\bin;;C:\Users\dasar_uas1hs9\AppData\Roaming\npm;."/>
    <property name="java.vm.info" value="mixed mode"/>
    <property name="java.vendor" value="Oracle Corporation"/>
    <property name="java.vm.version" value="25.172-b11"/>
    <property name="java.ext.dirs" value="C:\Aparna\java\jre\lib\ext;C:\WINDOWS\Sun\Java\lib\ext"/>
    <property name="sun.io.unicode.encoding" value="UnicodeLittle"/>
    <property name="java.class.version" value="52.0"/>
  </properties>
  <testcase name="testAll[1][1]" classname="greatcalltestautomation.GreatCallTest" time="33.358"/>
  <testcase name="testAll[1][2]" classname="greatcalltestautomation.GreatCallTest" time="3.087"/>
  <testcase name="testAll[1][3]" classname="greatcalltestautomation.GreatCallTest" time="0.203">
    <failure message="greatcalltests.feature:34 - assert evaluated to false: responseTime &lt; 200" type="org.opentest4j.AssertionFailedError"><![CDATA[org.opentest4j.AssertionFailedError: greatcalltests.feature:34 - assert evaluated to false: responseTime < 200
]]></failure>
    <system-out><![CDATA[03:35:58.793 [main] INFO  com.intuit.karate - karate.env system property was:  
03:35:58.807 [main] DEBUG com.intuit.karate - request:
1 > GET https://www.greatcall.com/stores/Api/Products
1 > Accept-Encoding: gzip,deflate
1 > Connection: Keep-Alive
1 > Host: www.greatcall.com
1 > User-Agent: Apache-HttpClient/4.5.12 (Java/1.8.0_172)

03:35:59.701 [main] DEBUG com.intuit.karate - response time in milliseconds: 891.00
1 < 200
1 < Access-Control-Allow-Headers: Accept, Authorization, Content-Type
1 < Access-Control-Allow-Methods: GET
1 < Access-Control-Allow-Origin: *
1 < Cache-Control: no-cache
1 < Connection: keep-alive
1 < Content-Length: 1994
1 < Content-Security-Policy: frame-ancestors https://*.greatcall.com
1 < Content-Type: application/json; charset=utf-8
1 < Date: Sun, 10 Jan 2021 09:36:00 GMT
1 < Expires: -1
1 < Pragma: no-cache
1 < Server: Microsoft-IIS/10.0
1 < Set-Cookie: [visid_incap_652230=G9Z97JI7R2mGY58RYvcU4H/K+l8AAAAAQUIPAAAAAACzGSxYoSWC+JR/jbw3SJSU; expires=Sun, 09 Jan 2022 09:47:54 GMT; HttpOnly; path=/; Domain=.greatcall.com, nlbi_652230=SYMnHWlt+QZny7rfiVtO2wAAAADkqPKLCIzsVcPNDhNq2eRO; path=/; Domain=.greatcall.com, incap_ses_1181_652230=pSuMWpB8VhHLb+22esFjEH/K+l8AAAAAJJ+cGI11Kq1cdPM8dusH7g==; path=/; Domain=.greatcall.com, ___utmvmfFBuVfps=kPwZThDfsAa; path=/; Max-Age=900, ___utmvafFBuVfps=KPV&amp#1;emvK; path=/; Max-Age=900, ___utmvbfFBuVfps=CZx XqUOealH: utv; path=/; Max-Age=900]
1 < Strict-Transport-Security: max-age=31536000
1 < X-AspNet-Version: 4.0.30319
1 < X-CDN: Incapsula
1 < X-Content-Type-Options: nosniff
1 < X-Iinfo: 12-57462223-57459032 PNNN RT(1610271358590 784) q(0 0 0 0) r(1 1) U2
1 < X-XSS-Protection: 1; mode=block
[{"Aliases":["LivelyFlipGraphite","LivelyFlipRed"],"Disabled":false,"Id":10,"IdBitwise":1024,"LaunchDate":"2020-09-08T22:00:00","Name":"Lively Flip","RetireDate":null,"ShortName":"JB7"},{"Aliases":["JitterbugFlipGraphite","JitterbugFlipRed"],"Disabled":false,"Id":3,"IdBitwise":8,"LaunchDate":"2016-04-05T22:00:00","Name":"Jitterbug Flip","RetireDate":"2020-09-15T22:00:00","ShortName":"JB6"},{"Aliases":["JitterbugBlue5","JitterbugRed5"],"Disabled":false,"Id":0,"IdBitwise":1,"LaunchDate":null,"Name":"Jitterbug 5","RetireDate":"2016-04-05T22:00:00","ShortName":"JB5"},{"Aliases":["5Star3Gold","5Star3Silver"],"Disabled":false,"Id":5,"IdBitwise":32,"LaunchDate":"2016-04-05T22:00:00","Name":"Lively Mobile","RetireDate":"2019-04-14T22:00:00","ShortName":"R3"},{"Aliases":["LivelyWearableGold","LivelyWearableSilver"],"Disabled":true,"Id":6,"IdBitwise":64,"LaunchDate":"2016-04-05T22:00:00","Name":"Lively Wearable","RetireDate":null,"ShortName":"LW"},{"Aliases":["JitterbugTouch4"],"Disabled":false,"Id":4,"IdBitwise":16,"LaunchDate":"2016-04-05T22:00:00","Name":"Jitterbug Smart","RetireDate":"2018-08-29T22:00:00","ShortName":"T4"},{"Aliases":["5StarSplashBlue","5StarSplashSilver"],"Disabled":false,"Id":2,"IdBitwise":4,"LaunchDate":null,"Name":"Splash","RetireDate":"2016-04-05T22:00:00","ShortName":"R2"},{"Aliases":["JitterbugTouch3"],"Disabled":false,"Id":1,"IdBitwise":2,"LaunchDate":null,"Name":"Jitterbug Touch","RetireDate":"2016-04-05T22:00:00","ShortName":"T3"},{"Aliases":["JitterbugTouch5"],"Disabled":false,"Id":7,"IdBitwise":128,"LaunchDate":"2018-08-29T22:00:00","Name":"Jitterbug Smart2","RetireDate":null,"ShortName":"T5"},{"Aliases":["5Star4Black","5Star4Silver"],"Disabled":false,"Id":8,"IdBitwise":256,"LaunchDate":"2020-02-12T22:00:00","Name":"Lively Mobile Plus","RetireDate":null,"ShortName":"R4"},{"Aliases":["LivelyWearable2"],"Disabled":false,"Id":9,"IdBitwise":512,"LaunchDate":"2020-02-12T22:00:00","Name":"Lively Wearable2","RetireDate":null,"ShortName":"LW2"}]

03:35:59.716 [main] ERROR com.intuit.karate - assertion failed: assert evaluated to false: responseTime < 200
---------------------------------------------------------
feature: classpath:greatcalltestautomation/greatcalltests.feature
scenarios:  3 | passed:  2 | failed:  1 | time: 30.1132
---------------------------------------------------------
]]></system-out>
  </testcase>
</testsuite>